2022-12-21T16:11:11.776035+0600 DEBUG #### Запущен новый сеанс ####
2022-12-21T16:11:11.776035+0600 DEBUG create_tables начала работу
2022-12-21T16:11:11.812045+0600 DEBUG create_tables завершила работу (время - 0.03501 с)
2022-12-21T16:11:11.812045+0600 DEBUG set_default_commands начала работу
2022-12-21T16:11:12.233612+0600 DEBUG set_default_commands завершила работу (время - 0.42157 с)
2022-12-21T16:11:30.156503+0600 DEBUG bot_start начала работу
2022-12-21T16:11:30.580950+0600 DEBUG bot_start завершила работу (время - 0.42445 с)
2022-12-21T16:11:39.629916+0600 DEBUG start_search начала работу
2022-12-21T16:11:39.639869+0600 INFO Начало поиска (команда: /lowprice)
2022-12-21T16:11:39.639869+0600 INFO user_id = 1277657392; chat_id = 1277657392
2022-12-21T16:11:39.834531+0600 DEBUG start_search завершила работу (время - 0.19466 с)
2022-12-21T16:11:44.459940+0600 DEBUG enter_city начала работу
2022-12-21T16:11:44.459940+0600 DEBUG city_founding начала работу
2022-12-21T16:11:44.460940+0600 DEBUG request_to_api начала работу
2022-12-21T16:11:46.495491+0600 DEBUG request_to_api завершила работу (время - 2.03255 с)
2022-12-21T16:11:46.496492+0600 DEBUG city_founding завершила работу (время - 2.03555 с)
2022-12-21T16:11:46.496492+0600 DEBUG city_markup начала работу
2022-12-21T16:11:46.497492+0600 DEBUG city_markup завершила работу (время - 0.00000 с)
2022-12-21T16:11:46.964499+0600 DEBUG enter_city завершила работу (время - 2.50456 с)
2022-12-21T16:11:50.076202+0600 DEBUG get_city начала работу
2022-12-21T16:11:50.256187+0600 INFO Место для поиска: Алматы
2022-12-21T16:11:50.484892+0600 DEBUG get_city завершила работу (время - 0.40869 с)
2022-12-21T16:11:51.946557+0600 DEBUG get_date_in начала работу
2022-12-21T16:11:52.088239+0600 DEBUG get_date_in завершила работу (время - 0.14068 с)
2022-12-21T16:11:53.193602+0600 DEBUG get_date_in начала работу
2022-12-21T16:11:53.339339+0600 DEBUG get_date_in завершила работу (время - 0.14473 с)
2022-12-21T16:11:54.869321+0600 DEBUG get_date_in начала работу
2022-12-21T16:11:54.989248+0600 INFO Дата заезда: 22.12.2022
2022-12-21T16:11:55.119161+0600 DEBUG get_date_in завершила работу (время - 0.24984 с)
2022-12-21T16:11:56.443480+0600 DEBUG get_date_out начала работу
2022-12-21T16:11:56.582947+0600 DEBUG get_date_out завершила работу (время - 0.13947 с)
2022-12-21T16:11:57.642513+0600 DEBUG get_date_out начала работу
2022-12-21T16:11:57.783165+0600 DEBUG get_date_out завершила работу (время - 0.13965 с)
2022-12-21T16:11:58.701174+0600 DEBUG get_date_out начала работу
2022-12-21T16:11:58.880575+0600 INFO Дата отъезда: 30.12.2022
2022-12-21T16:11:59.021757+0600 DEBUG get_date_out завершила работу (время - 0.31958 с)
2022-12-21T16:12:01.748540+0600 DEBUG get_hotels_amount начала работу
2022-12-21T16:12:01.870840+0600 INFO Количество отелей для вывода: 3
2022-12-21T16:12:02.055583+0600 DEBUG get_hotels_amount завершила работу (время - 0.30605 с)
2022-12-21T16:12:03.594167+0600 DEBUG photos начала работу
2022-12-21T16:12:03.722560+0600 INFO Для каждого отеля будет выведено фотографий: 1
2022-12-21T16:12:03.835478+0600 DEBUG lowprice_founding начала работу
2022-12-21T16:12:03.836480+0600 DEBUG hotel_founding начала работу
2022-12-21T16:12:03.836480+0600 DEBUG request_to_api начала работу
2022-12-21T16:12:08.030163+0600 DEBUG request_to_api завершила работу (время - 4.19368 с)
2022-12-21T16:12:08.035162+0600 DEBUG value_from_mutidict начала работу
2022-12-21T16:12:08.035162+0600 DEBUG value_from_mutidict завершила работу (время - 0.00000 с)
2022-12-21T16:12:08.036162+0600 DEBUG value_from_mutidict начала работу
2022-12-21T16:12:08.036162+0600 DEBUG value_from_mutidict завершила работу (время - 0.00000 с)
2022-12-21T16:12:08.036162+0600 DEBUG value_from_mutidict начала работу
2022-12-21T16:12:08.037162+0600 DEBUG value_from_mutidict завершила работу (время - 0.00000 с)
2022-12-21T16:12:08.037162+0600 DEBUG value_from_mutidict начала работу
2022-12-21T16:12:08.037162+0600 DEBUG value_from_mutidict завершила работу (время - 0.00000 с)
2022-12-21T16:12:08.038162+0600 DEBUG value_from_mutidict начала работу
2022-12-21T16:12:08.038162+0600 DEBUG value_from_mutidict завершила работу (время - 0.00000 с)
2022-12-21T16:12:08.038162+0600 DEBUG value_from_mutidict начала работу
2022-12-21T16:12:08.039163+0600 DEBUG value_from_mutidict завершила работу (время - 0.00000 с)
2022-12-21T16:12:08.039163+0600 DEBUG value_from_mutidict начала работу
2022-12-21T16:12:08.039163+0600 DEBUG value_from_mutidict завершила работу (время - 0.00000 с)
2022-12-21T16:12:08.040163+0600 DEBUG hotel_founding завершила работу (время - 4.20368 с)
2022-12-21T16:12:08.040163+0600 DEBUG lowprice_founding завершила работу (время - 4.20368 с)
2022-12-21T16:12:08.040163+0600 DEBUG hotel_detail начала работу
2022-12-21T16:12:08.041162+0600 DEBUG request_to_api начала работу
2022-12-21T16:12:10.893532+0600 DEBUG request_to_api завершила работу (время - 2.85237 с)
2022-12-21T16:12:10.895532+0600 DEBUG value_from_mutidict начала работу
2022-12-21T16:12:10.895532+0600 DEBUG value_from_mutidict завершила работу (время - 0.00000 с)
2022-12-21T16:12:10.896532+0600 DEBUG value_from_mutidict начала работу
2022-12-21T16:12:10.896532+0600 DEBUG value_from_mutidict завершила работу (время - 0.00000 с)
2022-12-21T16:12:10.896532+0600 DEBUG request_to_api начала работу
2022-12-21T16:12:14.154672+0600 DEBUG request_to_api завершила работу (время - 3.25714 с)
2022-12-21T16:12:14.156672+0600 DEBUG value_from_mutidict начала работу
2022-12-21T16:12:14.157672+0600 DEBUG value_from_mutidict завершила работу (время - 0.00000 с)
2022-12-21T16:12:14.157672+0600 DEBUG value_from_mutidict начала работу
2022-12-21T16:12:14.157672+0600 DEBUG value_from_mutidict завершила работу (время - 0.00000 с)
2022-12-21T16:12:14.158672+0600 DEBUG request_to_api начала работу
2022-12-21T16:12:17.238752+0600 DEBUG request_to_api завершила работу (время - 3.08008 с)
2022-12-21T16:12:17.241752+0600 DEBUG value_from_mutidict начала работу
2022-12-21T16:12:17.241752+0600 DEBUG value_from_mutidict завершила работу (время - 0.00000 с)
2022-12-21T16:12:17.242754+0600 DEBUG value_from_mutidict начала работу
2022-12-21T16:12:17.242754+0600 DEBUG value_from_mutidict завершила работу (время - 0.00000 с)
2022-12-21T16:12:17.243754+0600 DEBUG hotel_detail завершила работу (время - 9.20259 с)
2022-12-21T16:12:17.243754+0600 DEBUG result_output начала работу
2022-12-21T16:12:19.953334+0600 DEBUG result_output завершила работу (время - 2.70958 с)
2022-12-21T16:12:19.953334+0600 DEBUG data_to_db начала работу
2022-12-21T16:12:19.992992+0600 DEBUG data_to_db завершила работу (время - 0.03866 с)
2022-12-21T16:12:19.993993+0600 INFO Поиск успешно завершен
2022-12-21T16:12:19.993993+0600 DEBUG photos завершила работу (время - 16.39883 с)
2022-12-21T16:12:42.598745+0600 DEBUG history начала работу
2022-12-21T16:12:42.599744+0600 INFO Команда: /history
2022-12-21T16:12:42.601747+0600 INFO user_id = 1277657392; chat_id = 1277657392
2022-12-21T16:12:42.602744+0600 DEBUG hotels_searches_from_db начала работу
2022-12-21T16:12:42.627738+0600 DEBUG hotels_searches_from_db завершила работу (время - 0.02399 с)
2022-12-21T16:12:42.755770+0600 DEBUG hotels_searches_output начала работу
2022-12-21T16:12:42.756768+0600 DEBUG hotels_search_markup начала работу
2022-12-21T16:12:42.756768+0600 DEBUG hotels_search_markup завершила работу (время - 0.00000 с)
2022-12-21T16:12:42.904998+0600 DEBUG hotels_searches_output завершила работу (время - 0.14823 с)
2022-12-21T16:12:42.905997+0600 DEBUG history завершила работу (время - 0.30625 с)
2022-12-21T16:12:46.227950+0600 DEBUG get_hotels_from_history начала работу
2022-12-21T16:12:46.232948+0600 DEBUG hotels_data_from_db начала работу
2022-12-21T16:12:46.234948+0600 DEBUG hotel_photos_from_db начала работу
2022-12-21T16:12:46.238948+0600 DEBUG hotel_photos_from_db завершила работу (время - 0.00300 с)
2022-12-21T16:12:46.238948+0600 DEBUG hotel_photos_from_db начала работу
2022-12-21T16:12:46.241947+0600 DEBUG hotel_photos_from_db завершила работу (время - 0.00200 с)
2022-12-21T16:12:46.241947+0600 DEBUG hotel_photos_from_db начала работу
2022-12-21T16:12:46.244950+0600 DEBUG hotel_photos_from_db завершила работу (время - 0.00200 с)
2022-12-21T16:12:46.245949+0600 DEBUG hotels_data_from_db завершила работу (время - 0.01200 с)
2022-12-21T16:12:46.245949+0600 DEBUG days_from_hotels_search_db начала работу
2022-12-21T16:12:46.246947+0600 DEBUG days_from_hotels_search_db завершила работу (время - 0.00000 с)
2022-12-21T16:12:46.246947+0600 DEBUG result_output начала работу
2022-12-21T16:12:47.927985+0600 DEBUG result_output завершила работу (время - 1.68104 с)
2022-12-21T16:12:47.928986+0600 DEBUG get_hotels_from_history завершила работу (время - 1.70004 с)
2022-12-24T00:10:37.002626+0600 DEBUG #### Запущен новый сеанс ####
2022-12-24T00:10:37.003498+0600 DEBUG create_tables начала работу
2022-12-24T00:10:37.016586+0600 DEBUG create_tables завершила работу (время - 0.01309 с)
2022-12-24T00:10:37.017585+0600 DEBUG set_default_commands начала работу
2022-12-24T00:10:37.395584+0600 ERROR A request to the Telegram API was unsuccessful. Error code: 404. Description: Not Found
2022-12-24T00:10:40.516388+0600 DEBUG #### Запущен новый сеанс ####
2022-12-24T00:10:40.517388+0600 DEBUG create_tables начала работу
2022-12-24T00:10:40.519461+0600 DEBUG create_tables завершила работу (время - 0.00207 с)
2022-12-24T00:10:40.519461+0600 DEBUG set_default_commands начала работу
2022-12-24T00:10:40.903397+0600 ERROR A request to the Telegram API was unsuccessful. Error code: 404. Description: Not Found
2022-12-24T00:13:48.806681+0600 DEBUG #### Запущен новый сеанс ####
2022-12-24T00:13:48.807681+0600 DEBUG create_tables начала работу
2022-12-24T00:13:48.811748+0600 DEBUG create_tables завершила работу (время - 0.00407 с)
2022-12-24T00:13:48.811748+0600 DEBUG set_default_commands начала работу
2022-12-24T00:13:49.158927+0600 ERROR A request to the Telegram API was unsuccessful. Error code: 404. Description: Not Found
2022-12-24T00:14:11.315820+0600 DEBUG #### Запущен новый сеанс ####
2022-12-24T00:14:11.316866+0600 DEBUG create_tables начала работу
2022-12-24T00:14:11.319861+0600 DEBUG create_tables завершила работу (время - 0.00300 с)
2022-12-24T00:14:11.319861+0600 DEBUG set_default_commands начала работу
2022-12-24T00:14:11.902433+0600 ERROR A request to the Telegram API was unsuccessful. Error code: 404. Description: Not Found
2022-12-24T00:16:23.071178+0600 DEBUG #### Запущен новый сеанс ####
2022-12-24T00:16:23.072178+0600 DEBUG create_tables начала работу
2022-12-24T00:16:23.075178+0600 DEBUG create_tables завершила работу (время - 0.00300 с)
2022-12-24T00:16:23.075178+0600 DEBUG set_default_commands начала работу
2022-12-24T00:16:23.435334+0600 DEBUG set_default_commands завершила работу (время - 0.36016 с)
2022-12-24T00:16:49.719814+0600 DEBUG #### Запущен новый сеанс ####
2022-12-24T00:16:49.720815+0600 DEBUG create_tables начала работу
2022-12-24T00:16:49.723867+0600 DEBUG create_tables завершила работу (время - 0.00305 с)
2022-12-24T00:16:49.723867+0600 DEBUG set_default_commands начала работу
2022-12-24T00:16:50.084696+0600 DEBUG set_default_commands завершила работу (время - 0.36083 с)
2022-12-24T00:17:03.521522+0600 DEBUG bot_start начала работу
2022-12-24T00:17:03.925537+0600 DEBUG bot_start завершила работу (время - 0.40302 с)
2022-12-24T00:17:08.197829+0600 DEBUG start_search начала работу
2022-12-24T00:17:08.197829+0600 INFO Начало поиска (команда: /lowprice)
2022-12-24T00:17:08.198830+0600 INFO user_id = 1277657392; chat_id = 1277657392
2022-12-24T00:17:08.562502+0600 DEBUG start_search завершила работу (время - 0.36467 с)
2022-12-24T00:17:13.414349+0600 DEBUG enter_city начала работу
2022-12-24T00:17:13.415348+0600 DEBUG city_founding начала работу
2022-12-24T00:17:13.417349+0600 DEBUG request_to_api начала работу
2022-12-24T00:17:16.395801+0600 DEBUG request_to_api завершила работу (время - 2.97845 с)
2022-12-24T00:17:16.405801+0600 DEBUG city_founding завершила работу (время - 2.98845 с)
2022-12-24T00:17:16.406802+0600 DEBUG city_markup начала работу
2022-12-24T00:17:16.406802+0600 DEBUG city_markup завершила работу (время - 0.00000 с)
2022-12-24T00:17:16.548614+0600 DEBUG enter_city завершила работу (время - 3.13327 с)
2022-12-24T00:17:18.093214+0600 DEBUG get_city начала работу
2022-12-24T00:17:18.233668+0600 INFO Место для поиска: Алматы
2022-12-24T00:17:18.370685+0600 DEBUG get_city завершила работу (время - 0.27649 с)
2022-12-24T00:17:19.649487+0600 DEBUG get_date_in начала работу
2022-12-24T00:17:19.787728+0600 DEBUG get_date_in завершила работу (время - 0.13724 с)
2022-12-24T00:17:20.740794+0600 DEBUG get_date_in начала работу
2022-12-24T00:17:20.897190+0600 DEBUG get_date_in завершила работу (время - 0.15540 с)
2022-12-24T00:17:22.589380+0600 DEBUG get_date_in начала работу
2022-12-24T00:17:22.717045+0600 INFO Дата заезда: 25.12.2022
2022-12-24T00:17:22.860982+0600 DEBUG get_date_in завершила работу (время - 0.27061 с)
2022-12-24T00:17:24.118088+0600 DEBUG get_date_out начала работу
2022-12-24T00:17:24.274958+0600 DEBUG get_date_out завершила работу (время - 0.15687 с)
2022-12-24T00:17:25.690075+0600 DEBUG get_date_out начала работу
2022-12-24T00:17:25.861781+0600 DEBUG get_date_out завершила работу (время - 0.17171 с)
2022-12-24T00:17:27.728679+0600 DEBUG get_date_out начала работу
2022-12-24T00:17:27.859336+0600 INFO Дата отъезда: 30.12.2022
2022-12-24T00:17:27.994379+0600 DEBUG get_date_out завершила работу (время - 0.26470 с)
2022-12-24T00:17:29.810524+0600 DEBUG get_hotels_amount начала работу
2022-12-24T00:17:30.028580+0600 INFO Количество отелей для вывода: 2
2022-12-24T00:17:30.196336+0600 DEBUG get_hotels_amount завершила работу (время - 0.38581 с)
2022-12-24T00:17:31.250055+0600 DEBUG photos начала работу
2022-12-24T00:17:31.376302+0600 INFO Для каждого отеля будет выведено фотографий: 1
2022-12-24T00:17:31.510736+0600 DEBUG lowprice_founding начала работу
2022-12-24T00:17:31.511738+0600 DEBUG hotel_founding начала работу
2022-12-24T00:17:31.511738+0600 DEBUG request_to_api начала работу
2022-12-24T00:17:34.223585+0600 DEBUG request_to_api завершила работу (время - 2.71185 с)
2022-12-24T00:17:34.226585+0600 DEBUG value_from_mutidict начала работу
2022-12-24T00:17:34.227585+0600 DEBUG value_from_mutidict завершила работу (время - 0.00000 с)
2022-12-24T00:17:34.227585+0600 DEBUG value_from_mutidict начала работу
2022-12-24T00:17:34.228585+0600 DEBUG value_from_mutidict завершила работу (время - 0.00000 с)
2022-12-24T00:17:34.228585+0600 DEBUG value_from_mutidict начала работу
2022-12-24T00:17:34.228585+0600 DEBUG value_from_mutidict завершила работу (время - 0.00000 с)
2022-12-24T00:17:34.229585+0600 DEBUG value_from_mutidict начала работу
2022-12-24T00:17:34.229585+0600 DEBUG value_from_mutidict завершила работу (время - 0.00000 с)
2022-12-24T00:17:34.229585+0600 DEBUG value_from_mutidict начала работу
2022-12-24T00:17:34.230585+0600 DEBUG value_from_mutidict завершила работу (время - 0.00000 с)
2022-12-24T00:17:34.230585+0600 DEBUG hotel_founding завершила работу (время - 2.71885 с)
2022-12-24T00:17:34.230585+0600 DEBUG lowprice_founding завершила работу (время - 2.71885 с)
2022-12-24T00:17:34.230585+0600 DEBUG hotel_detail начала работу
2022-12-24T00:17:34.230585+0600 DEBUG request_to_api начала работу
2022-12-24T00:17:36.878516+0600 DEBUG request_to_api завершила работу (время - 2.64793 с)
2022-12-24T00:17:36.879517+0600 DEBUG value_from_mutidict начала работу
2022-12-24T00:17:36.880516+0600 DEBUG value_from_mutidict завершила работу (время - 0.00000 с)
2022-12-24T00:17:36.880516+0600 DEBUG value_from_mutidict начала работу
2022-12-24T00:17:36.880516+0600 DEBUG value_from_mutidict завершила работу (время - 0.00000 с)
2022-12-24T00:17:36.881516+0600 DEBUG request_to_api начала работу
2022-12-24T00:17:47.227652+0600 ERROR HTTPSConnectionPool(host='hotels4.p.rapidapi.com', port=443): Read timed out. (read timeout=10)
2022-12-24T00:17:47.227652+0600 DEBUG request_to_api завершила работу (время - 10.34614 с)
2022-12-24T00:17:47.228674+0600 DEBUG hotel_detail завершила работу (время - 12.99809 с)
2022-12-24T00:17:47.228674+0600 DEBUG result_output начала работу
2022-12-24T00:17:47.815761+0600 DEBUG result_output завершила работу (время - 0.58709 с)
2022-12-24T00:17:47.816760+0600 DEBUG data_to_db начала работу
2022-12-24T00:17:47.836761+0600 ERROR NOT NULL constraint failed: hotel.address
2022-12-24T00:17:47.836761+0600 INFO Поиск успешно завершен
2022-12-24T00:17:47.836761+0600 DEBUG photos завершила работу (время - 16.58571 с)
2022-12-24T00:19:59.086989+0600 DEBUG #### Запущен новый сеанс ####
2022-12-24T00:19:59.086989+0600 DEBUG create_tables начала работу
2022-12-24T00:19:59.089985+0600 DEBUG create_tables завершила работу (время - 0.00200 с)
2022-12-24T00:19:59.090985+0600 DEBUG set_default_commands начала работу
2022-12-24T00:19:59.460776+0600 DEBUG set_default_commands завершила работу (время - 0.36979 с)
2022-12-24T00:20:06.756549+0600 DEBUG start_search начала работу
2022-12-24T00:20:06.757551+0600 INFO Начало поиска (команда: /lowprice)
2022-12-24T00:20:06.758549+0600 INFO user_id = 1277657392; chat_id = 1277657392
2022-12-24T00:20:07.131131+0600 DEBUG start_search завершила работу (время - 0.37358 с)
2022-12-24T00:20:12.097736+0600 DEBUG enter_city начала работу
2022-12-24T00:20:12.098724+0600 DEBUG city_founding начала работу
2022-12-24T00:20:12.099736+0600 DEBUG request_to_api начала работу
2022-12-24T00:20:14.429128+0600 DEBUG request_to_api завершила работу (время - 2.32840 с)
2022-12-24T00:20:14.430129+0600 DEBUG city_founding завершила работу (время - 2.33039 с)
2022-12-24T00:20:14.430129+0600 DEBUG city_markup начала работу
2022-12-24T00:20:14.430129+0600 DEBUG city_markup завершила работу (время - 0.00000 с)
2022-12-24T00:20:14.830616+0600 DEBUG enter_city завершила работу (время - 2.73189 с)
2022-12-24T00:20:16.388929+0600 DEBUG get_city начала работу
2022-12-24T00:20:16.527960+0600 INFO Место для поиска: Алматы
2022-12-24T00:20:16.687885+0600 DEBUG get_city завершила работу (время - 0.29896 с)
2022-12-24T00:20:17.922477+0600 DEBUG get_date_in начала работу
2022-12-24T00:20:18.064430+0600 DEBUG get_date_in завершила работу (время - 0.14195 с)
2022-12-24T00:20:18.955721+0600 DEBUG get_date_in начала работу
2022-12-24T00:20:19.171054+0600 DEBUG get_date_in завершила работу (время - 0.21533 с)
2022-12-24T00:20:20.417539+0600 DEBUG get_date_in начала работу
2022-12-24T00:20:20.626976+0600 INFO Дата заезда: 24.12.2022
2022-12-24T00:20:20.834579+0600 DEBUG get_date_in завершила работу (время - 0.41704 с)
2022-12-24T00:20:21.971932+0600 DEBUG get_date_out начала работу
2022-12-24T00:20:22.140251+0600 DEBUG get_date_out завершила работу (время - 0.16732 с)
2022-12-24T00:20:23.075977+0600 DEBUG get_date_out начала работу
2022-12-24T00:20:23.244561+0600 DEBUG get_date_out завершила работу (время - 0.16858 с)
2022-12-24T00:20:24.364997+0600 DEBUG get_date_out начала работу
2022-12-24T00:20:24.532019+0600 INFO Дата отъезда: 29.12.2022
2022-12-24T00:20:24.702009+0600 DEBUG get_date_out завершила работу (время - 0.33601 с)
2022-12-24T00:20:26.860848+0600 DEBUG get_hotels_amount начала работу
2022-12-24T00:20:27.140842+0600 INFO Количество отелей для вывода: 2
2022-12-24T00:20:27.338817+0600 DEBUG get_hotels_amount завершила работу (время - 0.47697 с)
2022-12-24T00:20:28.713844+0600 DEBUG photos начала работу
2022-12-24T00:20:28.845902+0600 INFO Для каждого отеля будет выведено фотографий: 1
2022-12-24T00:20:28.982899+0600 DEBUG lowprice_founding начала работу
2022-12-24T00:20:28.983900+0600 DEBUG hotel_founding начала работу
2022-12-24T00:20:28.983900+0600 DEBUG request_to_api начала работу
2022-12-24T00:20:33.138829+0600 DEBUG request_to_api завершила работу (время - 4.15393 с)
2022-12-24T00:20:33.142829+0600 DEBUG value_from_mutidict начала работу
2022-12-24T00:20:33.143830+0600 DEBUG value_from_mutidict завершила работу (время - 0.00000 с)
2022-12-24T00:20:33.143830+0600 DEBUG value_from_mutidict начала работу
2022-12-24T00:20:33.144830+0600 DEBUG value_from_mutidict завершила работу (время - 0.00000 с)
2022-12-24T00:20:33.144830+0600 DEBUG value_from_mutidict начала работу
2022-12-24T00:20:33.145830+0600 DEBUG value_from_mutidict завершила работу (время - 0.00000 с)
2022-12-24T00:20:33.145830+0600 DEBUG value_from_mutidict начала работу
2022-12-24T00:20:33.145830+0600 DEBUG value_from_mutidict завершила работу (время - 0.00000 с)
2022-12-24T00:20:33.145830+0600 DEBUG value_from_mutidict начала работу
2022-12-24T00:20:33.145830+0600 DEBUG value_from_mutidict завершила работу (время - 0.00000 с)
2022-12-24T00:20:33.146831+0600 DEBUG hotel_founding завершила работу (время - 4.16293 с)
2022-12-24T00:20:33.146831+0600 DEBUG lowprice_founding завершила работу (время - 4.16293 с)
2022-12-24T00:20:33.146831+0600 DEBUG hotel_detail начала работу
2022-12-24T00:20:33.146831+0600 DEBUG request_to_api начала работу
2022-12-24T00:20:35.765641+0600 DEBUG request_to_api завершила работу (время - 2.61881 с)
2022-12-24T00:20:35.767642+0600 DEBUG value_from_mutidict начала работу
2022-12-24T00:20:35.767642+0600 DEBUG value_from_mutidict завершила работу (время - 0.00000 с)
2022-12-24T00:20:35.768644+0600 DEBUG value_from_mutidict начала работу
2022-12-24T00:20:35.768644+0600 DEBUG value_from_mutidict завершила работу (время - 0.00000 с)
2022-12-24T00:20:35.768644+0600 DEBUG request_to_api начала работу
2022-12-24T00:20:38.440738+0600 DEBUG request_to_api завершила работу (время - 2.67110 с)
2022-12-24T00:20:38.441738+0600 DEBUG value_from_mutidict начала работу
2022-12-24T00:20:38.442738+0600 DEBUG value_from_mutidict завершила работу (время - 0.00000 с)
2022-12-24T00:20:38.442738+0600 DEBUG value_from_mutidict начала работу
2022-12-24T00:20:38.442738+0600 DEBUG value_from_mutidict завершила работу (время - 0.00000 с)
2022-12-24T00:20:38.442738+0600 DEBUG hotel_detail завершила работу (время - 5.29591 с)
2022-12-24T00:20:38.443738+0600 DEBUG result_output начала работу
2022-12-24T00:20:39.196685+0600 DEBUG result_output завершила работу (время - 0.75295 с)
2022-12-24T00:20:39.196685+0600 DEBUG data_to_db начала работу
2022-12-24T00:20:39.216674+0600 DEBUG data_to_db завершила работу (время - 0.01899 с)
2022-12-24T00:20:39.216674+0600 INFO Поиск успешно завершен
2022-12-24T00:20:39.217676+0600 DEBUG photos завершила работу (время - 10.50383 с)
2022-12-24T00:23:13.741548+0600 DEBUG #### Запущен новый сеанс ####
2022-12-24T00:23:13.741548+0600 DEBUG create_tables начала работу
2022-12-24T00:23:13.751569+0600 DEBUG create_tables завершила работу (время - 0.00802 с)
2022-12-24T00:23:13.751569+0600 DEBUG set_default_commands начала работу
2022-12-24T00:23:14.305276+0600 DEBUG set_default_commands завершила работу (время - 0.55371 с)
2022-12-24T00:23:17.607998+0600 DEBUG start_search начала работу
2022-12-24T00:23:17.609000+0600 INFO Начало поиска (команда: /lowprice)
2022-12-24T00:23:17.609999+0600 INFO user_id = 1277657392; chat_id = 1277657392
2022-12-24T00:23:17.992346+0600 DEBUG start_search завершила работу (время - 0.38335 с)
2022-12-24T00:23:25.222417+0600 DEBUG enter_city начала работу
2022-12-24T00:23:25.222417+0600 DEBUG city_founding начала работу
2022-12-24T00:23:25.222417+0600 DEBUG request_to_api начала работу
2022-12-24T00:23:27.229551+0600 DEBUG request_to_api завершила работу (время - 2.00513 с)
2022-12-24T00:23:27.229551+0600 DEBUG city_founding завершила работу (время - 2.00713 с)
2022-12-24T00:23:27.230552+0600 DEBUG city_markup начала работу
2022-12-24T00:23:27.230552+0600 DEBUG city_markup завершила работу (время - 0.00000 с)
2022-12-24T00:23:27.620251+0600 DEBUG enter_city завершила работу (время - 2.39783 с)
2022-12-24T00:23:28.806635+0600 DEBUG get_city начала работу
2022-12-24T00:23:28.949073+0600 INFO Место для поиска: Астана
2022-12-24T00:23:29.090234+0600 DEBUG get_city завершила работу (время - 0.28360 с)
2022-12-24T00:23:30.153931+0600 DEBUG get_date_in начала работу
2022-12-24T00:23:30.336688+0600 DEBUG get_date_in завершила работу (время - 0.18276 с)
2022-12-24T00:23:31.270534+0600 DEBUG get_date_in начала работу
2022-12-24T00:23:31.459178+0600 DEBUG get_date_in завершила работу (время - 0.18764 с)
2022-12-24T00:23:32.689149+0600 DEBUG get_date_in начала работу
2022-12-24T00:23:32.830917+0600 INFO Дата заезда: 25.12.2022
2022-12-24T00:23:32.977948+0600 DEBUG get_date_in завершила работу (время - 0.28780 с)
2022-12-24T00:23:34.078693+0600 DEBUG get_date_out начала работу
2022-12-24T00:23:34.249272+0600 DEBUG get_date_out завершила работу (время - 0.16958 с)
2022-12-24T00:23:35.470790+0600 DEBUG get_date_out начала работу
2022-12-24T00:23:35.620574+0600 DEBUG get_date_out завершила работу (время - 0.14978 с)
2022-12-24T00:23:36.514282+0600 DEBUG get_date_out начала работу
2022-12-24T00:23:36.657899+0600 INFO Дата отъезда: 30.12.2022
2022-12-24T00:23:36.801918+0600 DEBUG get_date_out завершила работу (время - 0.28663 с)
2022-12-24T00:23:38.958846+0600 DEBUG get_hotels_amount начала работу
2022-12-24T00:23:39.111943+0600 INFO Количество отелей для вывода: 2
2022-12-24T00:23:39.292185+0600 DEBUG get_hotels_amount завершила работу (время - 0.33234 с)
2022-12-24T00:23:40.416480+0600 DEBUG photos начала работу
2022-12-24T00:23:40.885077+0600 INFO Для каждого отеля будет выведено фотографий: 1
2022-12-24T00:23:41.025354+0600 DEBUG lowprice_founding начала работу
2022-12-24T00:23:41.026354+0600 DEBUG hotel_founding начала работу
2022-12-24T00:23:41.026354+0600 DEBUG request_to_api начала работу
2022-12-24T00:23:44.366545+0600 DEBUG request_to_api завершила работу (время - 3.34019 с)
2022-12-24T00:23:44.370545+0600 DEBUG value_from_mutidict начала работу
2022-12-24T00:23:44.370545+0600 DEBUG value_from_mutidict завершила работу (время - 0.00000 с)
2022-12-24T00:23:44.370545+0600 DEBUG value_from_mutidict начала работу
2022-12-24T00:23:44.371546+0600 DEBUG value_from_mutidict завершила работу (время - 0.00000 с)
2022-12-24T00:23:44.371546+0600 DEBUG value_from_mutidict начала работу
2022-12-24T00:23:44.371546+0600 DEBUG value_from_mutidict завершила работу (время - 0.00000 с)
2022-12-24T00:23:44.372546+0600 DEBUG value_from_mutidict начала работу
2022-12-24T00:23:44.372546+0600 DEBUG value_from_mutidict завершила работу (время - 0.00000 с)
2022-12-24T00:23:44.372546+0600 DEBUG value_from_mutidict начала работу
2022-12-24T00:23:44.373551+0600 DEBUG value_from_mutidict завершила работу (время - 0.00000 с)
2022-12-24T00:23:44.373551+0600 DEBUG hotel_founding завершила работу (время - 3.34720 с)
2022-12-24T00:23:44.373551+0600 DEBUG lowprice_founding завершила работу (время - 3.34720 с)
2022-12-24T00:23:44.373551+0600 DEBUG hotel_detail начала работу
2022-12-24T00:23:44.374538+0600 DEBUG request_to_api начала работу
2022-12-24T00:23:48.132157+0600 DEBUG request_to_api завершила работу (время - 3.75762 с)
2022-12-24T00:23:48.135157+0600 DEBUG value_from_mutidict начала работу
2022-12-24T00:23:48.135157+0600 DEBUG value_from_mutidict завершила работу (время - 0.00000 с)
2022-12-24T00:23:48.136157+0600 DEBUG value_from_mutidict начала работу
2022-12-24T00:23:48.136157+0600 DEBUG value_from_mutidict завершила работу (время - 0.00000 с)
2022-12-24T00:23:48.136157+0600 DEBUG request_to_api начала работу
2022-12-24T00:23:50.946132+0600 DEBUG request_to_api завершила работу (время - 2.80897 с)
2022-12-24T00:23:50.948112+0600 DEBUG value_from_mutidict начала работу
2022-12-24T00:23:50.949133+0600 DEBUG value_from_mutidict завершила работу (время - 0.00000 с)
2022-12-24T00:23:50.949133+0600 DEBUG value_from_mutidict начала работу
2022-12-24T00:23:50.950134+0600 DEBUG value_from_mutidict завершила работу (время - 0.00000 с)
2022-12-24T00:23:50.950134+0600 DEBUG hotel_detail завершила работу (время - 6.57560 с)
2022-12-24T00:23:50.951134+0600 DEBUG result_output начала работу
2022-12-24T00:23:51.722364+0600 DEBUG result_output завершила работу (время - 0.77123 с)
2022-12-24T00:23:51.722364+0600 DEBUG data_to_db начала работу
2022-12-24T00:23:51.756425+0600 DEBUG data_to_db завершила работу (время - 0.03306 с)
2022-12-24T00:23:51.757424+0600 INFO Поиск успешно завершен
2022-12-24T00:23:51.757424+0600 DEBUG photos завершила работу (время - 11.33994 с)
2022-12-26T15:52:17.556041+0600 DEBUG #### Запущен новый сеанс ####
2022-12-26T15:52:17.556041+0600 DEBUG create_tables начала работу
2022-12-26T15:52:17.572140+0600 DEBUG create_tables завершила работу (время - 0.01510 с)
2022-12-26T15:52:17.572140+0600 DEBUG set_default_commands начала работу
2022-12-26T15:52:17.979672+0600 DEBUG set_default_commands завершила работу (время - 0.40653 с)
2022-12-26T16:13:43.839563+0600 DEBUG #### Запущен новый сеанс ####
2022-12-26T16:13:43.839563+0600 DEBUG create_tables начала работу
2022-12-26T16:13:43.849614+0600 DEBUG create_tables завершила работу (время - 0.01005 с)
2022-12-26T16:13:43.849614+0600 DEBUG set_default_commands начала работу
2022-12-26T16:13:44.370003+0600 DEBUG set_default_commands завершила работу (время - 0.52039 с)
2022-12-26T16:13:56.668183+0600 DEBUG start_search начала работу
2022-12-26T16:13:56.668183+0600 INFO Начало поиска (команда: /lowprice)
2022-12-26T16:13:56.669184+0600 INFO user_id = 1277657392; chat_id = 1277657392
2022-12-26T16:13:57.018816+0600 DEBUG start_search завершила работу (время - 0.35063 с)
2022-12-26T16:14:01.602475+0600 DEBUG enter_city начала работу
2022-12-26T16:14:01.603458+0600 DEBUG city_founding начала работу
2022-12-26T16:14:01.604476+0600 DEBUG request_to_api начала работу
2022-12-26T16:14:03.483060+0600 DEBUG request_to_api завершила работу (время - 1.87760 с)
2022-12-26T16:14:03.493021+0600 DEBUG city_founding завершила работу (время - 1.88855 с)
2022-12-26T16:14:03.493021+0600 DEBUG city_markup начала работу
2022-12-26T16:14:03.493021+0600 DEBUG city_markup завершила работу (время - 0.00000 с)
2022-12-26T16:14:03.874564+0600 DEBUG enter_city завершила работу (время - 2.27111 с)
2022-12-26T16:14:05.927984+0600 DEBUG get_city начала работу
2022-12-26T16:14:06.072016+0600 INFO Место для поиска: Алматы
2022-12-26T16:14:06.188850+0600 DEBUG get_city завершила работу (время - 0.26087 с)
2022-12-26T16:14:07.424405+0600 DEBUG get_date_in начала работу
2022-12-26T16:14:07.552354+0600 DEBUG get_date_in завершила работу (время - 0.12695 с)
2022-12-26T16:14:08.370163+0600 DEBUG get_date_in начала работу
2022-12-26T16:14:08.497796+0600 DEBUG get_date_in завершила работу (время - 0.12763 с)
2022-12-26T16:14:09.951617+0600 DEBUG get_date_in начала работу
2022-12-26T16:14:10.074896+0600 INFO Дата заезда: 27.12.2022
2022-12-26T16:14:10.198915+0600 DEBUG get_date_in завершила работу (время - 0.24630 с)
2022-12-26T16:14:11.306939+0600 DEBUG get_date_out начала работу
2022-12-26T16:14:11.465207+0600 DEBUG get_date_out завершила работу (время - 0.15827 с)
2022-12-26T16:14:12.542562+0600 DEBUG get_date_out начала работу
2022-12-26T16:14:12.700701+0600 DEBUG get_date_out завершила работу (время - 0.15814 с)
2022-12-26T16:14:13.745646+0600 DEBUG get_date_out начала работу
2022-12-26T16:14:13.890419+0600 INFO Дата отъезда: 30.12.2022
2022-12-26T16:14:14.029458+0600 DEBUG get_date_out завершила работу (время - 0.28381 с)
2022-12-26T16:14:17.245460+0600 DEBUG get_hotels_amount начала работу
2022-12-26T16:14:17.392134+0600 INFO Количество отелей для вывода: 3
2022-12-26T16:14:17.629619+0600 DEBUG get_hotels_amount завершила работу (время - 0.38316 с)
2022-12-26T16:14:19.686353+0600 DEBUG photos начала работу
2022-12-26T16:14:19.821825+0600 INFO Для каждого отеля будет выведено фотографий: 3
2022-12-26T16:14:19.929277+0600 DEBUG lowprice_founding начала работу
2022-12-26T16:14:19.929277+0600 DEBUG hotel_founding начала работу
2022-12-26T16:14:19.929277+0600 DEBUG request_to_api начала работу
2022-12-26T16:14:22.878921+0600 DEBUG request_to_api завершила работу (время - 2.94864 с)
2022-12-26T16:14:22.883922+0600 DEBUG value_from_mutidict начала работу
2022-12-26T16:14:22.883922+0600 DEBUG value_from_mutidict завершила работу (время - 0.00000 с)
2022-12-26T16:14:22.884922+0600 DEBUG value_from_mutidict начала работу
2022-12-26T16:14:22.884922+0600 DEBUG value_from_mutidict завершила работу (время - 0.00000 с)
2022-12-26T16:14:22.884922+0600 DEBUG value_from_mutidict начала работу
2022-12-26T16:14:22.885922+0600 DEBUG value_from_mutidict завершила работу (время - 0.00000 с)
2022-12-26T16:14:22.885922+0600 DEBUG value_from_mutidict начала работу
2022-12-26T16:14:22.886922+0600 DEBUG value_from_mutidict завершила работу (время - 0.00000 с)
2022-12-26T16:14:22.886922+0600 DEBUG value_from_mutidict начала работу
2022-12-26T16:14:22.886922+0600 DEBUG value_from_mutidict завершила работу (время - 0.00000 с)
2022-12-26T16:14:22.887922+0600 DEBUG value_from_mutidict начала работу
2022-12-26T16:14:22.887922+0600 DEBUG value_from_mutidict завершила работу (время - 0.00000 с)
2022-12-26T16:14:22.887922+0600 DEBUG value_from_mutidict начала работу
2022-12-26T16:14:22.888922+0600 DEBUG value_from_mutidict завершила работу (время - 0.00000 с)
2022-12-26T16:14:22.888922+0600 DEBUG hotel_founding завершила работу (время - 2.95965 с)
2022-12-26T16:14:22.889923+0600 DEBUG lowprice_founding завершила работу (время - 2.96065 с)
2022-12-26T16:14:22.889923+0600 DEBUG hotel_detail начала работу
2022-12-26T16:14:22.889923+0600 DEBUG request_to_api начала работу
2022-12-26T16:14:25.781146+0600 DEBUG request_to_api завершила работу (время - 2.89122 с)
2022-12-26T16:14:25.783146+0600 DEBUG value_from_mutidict начала работу
2022-12-26T16:14:25.783146+0600 DEBUG value_from_mutidict завершила работу (время - 0.00000 с)
2022-12-26T16:14:25.784146+0600 DEBUG value_from_mutidict начала работу
2022-12-26T16:14:25.784146+0600 DEBUG value_from_mutidict завершила работу (время - 0.00000 с)
2022-12-26T16:14:25.784146+0600 DEBUG request_to_api начала работу
2022-12-26T16:14:28.668283+0600 DEBUG request_to_api завершила работу (время - 2.88314 с)
2022-12-26T16:14:28.671283+0600 DEBUG value_from_mutidict начала работу
2022-12-26T16:14:28.671283+0600 DEBUG value_from_mutidict завершила работу (время - 0.00000 с)
2022-12-26T16:14:28.672283+0600 DEBUG value_from_mutidict начала работу
2022-12-26T16:14:28.672283+0600 DEBUG value_from_mutidict завершила работу (время - 0.00000 с)
2022-12-26T16:14:28.673284+0600 DEBUG request_to_api начала работу
2022-12-26T16:14:32.701340+0600 DEBUG request_to_api завершила работу (время - 4.02806 с)
2022-12-26T16:14:32.703361+0600 DEBUG value_from_mutidict начала работу
2022-12-26T16:14:32.704361+0600 DEBUG value_from_mutidict завершила работу (время - 0.00000 с)
2022-12-26T16:14:32.704361+0600 DEBUG value_from_mutidict начала работу
2022-12-26T16:14:32.704361+0600 DEBUG value_from_mutidict завершила работу (время - 0.00000 с)
2022-12-26T16:14:32.705361+0600 DEBUG hotel_detail завершила работу (время - 9.81544 с)
2022-12-26T16:14:32.706364+0600 DEBUG result_output начала работу
2022-12-26T16:14:35.793944+0600 DEBUG result_output завершила работу (время - 3.08758 с)
2022-12-26T16:14:35.794944+0600 DEBUG data_to_db начала работу
2022-12-26T16:14:35.818175+0600 DEBUG data_to_db завершила работу (время - 0.02323 с)
2022-12-26T16:14:35.818175+0600 INFO Поиск успешно завершен
2022-12-26T16:14:35.818175+0600 DEBUG photos завершила работу (время - 16.13082 с)
2022-12-26T16:20:58.985867+0600 DEBUG #### Запущен новый сеанс ####
2022-12-26T16:20:58.985867+0600 DEBUG create_tables начала работу
2022-12-26T16:20:58.993949+0600 DEBUG create_tables завершила работу (время - 0.00708 с)
2022-12-26T16:20:58.994949+0600 DEBUG set_default_commands начала работу
2022-12-26T16:20:59.378077+0600 DEBUG set_default_commands завершила работу (время - 0.38313 с)
2022-12-26T16:21:41.527210+0600 DEBUG start_search начала работу
2022-12-26T16:21:41.527210+0600 INFO Начало поиска (команда: /lowprice)
2022-12-26T16:21:41.528210+0600 INFO user_id = 1277657392; chat_id = 1277657392
2022-12-26T16:21:41.895851+0600 DEBUG start_search завершила работу (время - 0.36864 с)
2022-12-26T16:21:45.024647+0600 DEBUG enter_city начала работу
2022-12-26T16:21:45.025646+0600 DEBUG city_founding начала работу
2022-12-26T16:21:45.025646+0600 DEBUG request_to_api начала работу
2022-12-26T16:21:47.133575+0600 DEBUG request_to_api завершила работу (время - 2.10793 с)
2022-12-26T16:21:47.135575+0600 DEBUG city_founding завершила работу (время - 2.10993 с)
2022-12-26T16:21:47.135575+0600 DEBUG city_markup начала работу
2022-12-26T16:21:47.136575+0600 DEBUG city_markup завершила работу (время - 0.00000 с)
2022-12-26T16:21:47.432325+0600 DEBUG enter_city завершила работу (время - 2.40668 с)
2022-12-26T16:21:48.681965+0600 DEBUG get_city начала работу
2022-12-26T16:21:48.785030+0600 INFO Место для поиска: Алматы
2022-12-26T16:21:48.892616+0600 DEBUG get_city завершила работу (время - 0.20965 с)
2022-12-26T16:21:50.329113+0600 DEBUG get_date_in начала работу
2022-12-26T16:21:50.460632+0600 DEBUG get_date_in завершила работу (время - 0.13052 с)
2022-12-26T16:21:51.320401+0600 DEBUG get_date_in начала работу
2022-12-26T16:21:51.433431+0600 DEBUG get_date_in завершила работу (время - 0.11303 с)
2022-12-26T16:21:53.092438+0600 DEBUG get_date_in начала работу
2022-12-26T16:21:53.197229+0600 INFO Дата заезда: 27.12.2022
2022-12-26T16:21:53.310901+0600 DEBUG get_date_in завершила работу (время - 0.21746 с)
2022-12-26T16:21:54.435242+0600 DEBUG get_date_out начала работу
2022-12-26T16:21:54.567756+0600 DEBUG get_date_out завершила работу (время - 0.13251 с)
2022-12-26T16:21:55.405104+0600 DEBUG get_date_out начала работу
2022-12-26T16:21:55.522282+0600 DEBUG get_date_out завершила работу (время - 0.11718 с)
2022-12-26T16:21:56.183882+0600 DEBUG get_date_out начала работу
2022-12-26T16:21:56.314742+0600 INFO Дата отъезда: 30.12.2022
2022-12-26T16:21:56.446852+0600 DEBUG get_date_out завершила работу (время - 0.26196 с)
2022-12-26T16:21:59.346955+0600 DEBUG get_hotels_amount начала работу
2022-12-26T16:21:59.482316+0600 INFO Количество отелей для вывода: 1
2022-12-26T16:21:59.644244+0600 DEBUG get_hotels_amount завершила работу (время - 0.29629 с)
2022-12-26T16:22:01.022721+0600 DEBUG photos начала работу
2022-12-26T16:22:01.177915+0600 INFO Для каждого отеля будет выведено фотографий: 1
2022-12-26T16:22:01.364110+0600 DEBUG lowprice_founding начала работу
2022-12-26T16:22:01.364110+0600 DEBUG hotel_founding начала работу
2022-12-26T16:22:01.364110+0600 DEBUG request_to_api начала работу
2022-12-26T16:22:04.437140+0600 DEBUG request_to_api завершила работу (время - 3.07303 с)
2022-12-26T16:22:04.439140+0600 DEBUG value_from_mutidict начала работу
2022-12-26T16:22:04.439140+0600 DEBUG value_from_mutidict завершила работу (время - 0.00000 с)
2022-12-26T16:22:04.439140+0600 DEBUG value_from_mutidict начала работу
2022-12-26T16:22:04.439140+0600 DEBUG value_from_mutidict завершила работу (время - 0.00000 с)
2022-12-26T16:22:04.439140+0600 DEBUG value_from_mutidict начала работу
2022-12-26T16:22:04.439140+0600 DEBUG value_from_mutidict завершила работу (время - 0.00000 с)
2022-12-26T16:22:04.440140+0600 DEBUG hotel_founding завершила работу (время - 3.07603 с)
2022-12-26T16:22:04.440140+0600 DEBUG lowprice_founding завершила работу (время - 3.07603 с)
2022-12-26T16:22:04.440140+0600 DEBUG hotel_detail начала работу
2022-12-26T16:22:04.440140+0600 DEBUG request_to_api начала работу
2022-12-26T16:22:08.953447+0600 DEBUG request_to_api завершила работу (время - 4.51331 с)
2022-12-26T16:22:08.955448+0600 DEBUG value_from_mutidict начала работу
2022-12-26T16:22:08.956447+0600 DEBUG value_from_mutidict завершила работу (время - 0.00000 с)
2022-12-26T16:22:08.956447+0600 DEBUG value_from_mutidict начала работу
2022-12-26T16:22:08.957447+0600 DEBUG value_from_mutidict завершила работу (время - 0.00000 с)
2022-12-26T16:22:08.957447+0600 DEBUG hotel_detail завершила работу (время - 4.51731 с)
2022-12-26T16:22:08.958447+0600 DEBUG result_output начала работу
2022-12-26T16:22:09.186404+0600 DEBUG result_output завершила работу (время - 0.22796 с)
2022-12-26T16:22:09.186404+0600 DEBUG data_to_db начала работу
2022-12-26T16:22:09.196403+0600 DEBUG data_to_db завершила работу (время - 0.01000 с)
2022-12-26T16:22:09.197406+0600 INFO Поиск успешно завершен
2022-12-26T16:22:09.197406+0600 DEBUG photos завершила работу (время - 8.17369 с)
